[Thu 09/04/2025  6:37:44.71]  
gcc HackComp.c -o bin\HackComp
[Thu 09/04/2025  6:38:18.35]  
gcc HackComp.c -o bin\HackComp
[Thu 09/04/2025  6:38:33.17]  
gcc HackComp.c -o bin\HackComp
[Thu 09/04/2025  6:43:48.08]  
gcc HackComp.c -o bin\HackComp
[Thu 09/04/2025  6:52:06.15]  
gcc HackComp.c -o bin\HackComp
[Thu 09/04/2025  6:52:38.63]  
gcc HackComp.c -o bin\HackComp
[Thu 09/04/2025  6:53:02.09]  
gcc HackComp.c -o bin\HackComp
[Thu 09/04/2025  6:53:08.93]  
gcc HackComp.c -o bin\HackComp
[Thu 09/04/2025  6:54:30.01]  
gcc HackComp.c -o bin\HackComp
[Thu 09/04/2025  6:54:45.70]  
gcc HackComp.c -o bin\HackComp
[Thu 09/04/2025  7:00:23.97]  
gcc HackComp.c -o bin\HackComp
[Thu 09/04/2025  7:01:57.28]  
gcc HackComp.c -o bin\HackComp
[Thu 09/04/2025  7:02:25.35]  
gcc HackComp.c -o bin\HackComp
[Thu 09/04/2025  7:02:31.11]  
gcc HackComp.c -o bin\HackComp
[Thu 09/04/2025  7:05:20.66]  
gcc HackComp.c -o bin\HackComp
[Thu 09/04/2025  7:05:23.78]  
make: 'bin\HackComp' is up to date.
[Thu 09/04/2025  7:05:25.37]  
make: 'bin\HackComp' is up to date.
[Thu 09/04/2025  7:05:26.18]  
make: 'bin\HackComp' is up to date.
[Thu 09/04/2025  7:05:26.88]  
make: 'bin\HackComp' is up to date.
[Thu 09/04/2025  7:05:27.52]  
make: 'bin\HackComp' is up to date.
[Thu 09/04/2025  7:06:17.65]  
gcc HackComp.c -o bin\HackComp
[Thu 09/04/2025  7:06:23.18]  
gcc HackComp.c -o bin\HackComp
[Thu 09/04/2025  7:06:34.67]  
gcc HackComp.c -o bin\HackComp
[Thu 09/04/2025  7:06:36.39]  
make: 'bin\HackComp' is up to date.
[Thu 09/04/2025  7:08:05.31]  
gcc HackComp.c -o bin\HackComp
[Thu 09/04/2025  7:08:26.10]  
gcc HackComp.c -o bin\HackComp
[Thu 09/04/2025  7:08:32.27]  
gcc HackComp.c -o bin\HackComp
[Thu 09/04/2025  7:09:19.07]  
gcc HackComp.c -o bin\HackComp
[Thu 09/04/2025  7:09:59.89]  
gcc HackComp.c -o bin\HackComp
[Thu 09/04/2025 17:49:20.03]  
gcc HackComp.c -o bin\HackComp
[Thu 09/04/2025 17:49:37.09]  
make: 'bin\HackComp' is up to date.
[Thu 09/04/2025 17:50:05.02]  
gcc HackComp.c -o bin\HackComp
[Thu 09/04/2025 17:50:15.89]  
make: 'bin\HackComp' is up to date.
[Thu 09/04/2025 17:50:42.97]  
gcc HackComp.c -o bin\HackComp
[Thu 09/04/2025 17:50:50.33]  
make: 'bin\HackComp' is up to date.
[Thu 09/04/2025 23:42:19.35]  
gcc HackComp.c -o bin\HackComp
[Thu 09/04/2025 23:43:05.19]  
gcc HackComp.c -o bin\HackComp
[Thu 09/04/2025 23:43:32.24]  
gcc HackComp.c -o bin\HackComp
[Thu 09/04/2025 23:44:08.19]  
gcc HackComp.c -o bin\HackComp
[Thu 09/04/2025 23:46:50.79]  
gcc HackComp.c -o bin\HackComp
[Thu 09/04/2025 23:47:13.56]  
gcc HackComp.c -o bin\HackComp
[Thu 09/04/2025 23:54:52.17]  
gcc HackComp.c -o bin\HackComp
[Thu 09/04/2025 23:55:32.70]  
gcc HackComp.c -o bin\HackComp
[Thu 09/04/2025 23:56:24.48]  
gcc HackComp.c -o bin\HackComp
[Fri 09/05/2025  0:03:29.09]  
gcc HackComp.c -o bin\HackComp
[Fri 09/05/2025  0:04:36.07]  
gcc HackComp.c -o bin\HackComp
[Fri 09/05/2025  0:05:10.88]  
gcc HackComp.c -o bin\HackComp
[Fri 09/05/2025  0:11:56.01]  
gcc HackComp.c -o bin\HackComp
[Fri 09/05/2025  0:12:13.16]  
gcc HackComp.c -o bin\HackComp
[Fri 09/05/2025  0:12:32.69]  
gcc HackComp.c -o bin\HackComp
[Fri 09/05/2025  0:13:42.79]  
gcc HackComp.c -o bin\HackComp
[Fri 09/05/2025  0:13:54.60]  
gcc HackComp.c -o bin\HackComp
[Fri 09/05/2025  0:14:58.67]  
gcc HackComp.c -o bin\HackComp
[Fri 09/05/2025  0:15:15.86]  
gcc HackComp.c -o bin\HackComp
[Fri 09/05/2025  0:19:17.08]  
gcc HackComp.c -o bin\HackComp
[Fri 09/05/2025  0:19:31.06]  
gcc HackComp.c -o bin\HackComp
[Fri 09/05/2025  0:19:43.57]  
gcc HackComp.c -o bin\HackComp
[Fri 09/05/2025  0:20:14.37]  
gcc HackComp.c -o bin\HackComp
[Fri 09/05/2025  0:20:22.22]  
gcc HackComp.c -o bin\HackComp
[Fri 09/05/2025  0:22:26.62]  
gcc HackComp.c -o bin\HackComp
[Fri 09/05/2025  0:32:26.65]  
[Fri 09/05/2025  0:34:38.67]  
[Fri 09/05/2025  0:56:58.97]  
cc -O2 -Wall -Wextra -std=c11 -c HackComp.c -o HackComp.o
cc HackComp.o  -lhacklib -o bin/HackComp
[Fri 09/05/2025  0:59:59.87]  
cc -O2 -Wall -Wextra -std=c11 -c HackComp.c -o HackComp.o
cc HackComp.o  -lhacklib -o bin/HackComp
[Fri 09/05/2025  1:00:39.91]  
cc -O2 -Wall -Wextra -std=c11 -c HackComp.c -o HackComp.o
cc HackComp.o  -lhacklib -o bin/HackComp
[Fri 09/05/2025  1:00:54.89]  
cc -O2 -Wall -Wextra -std=c11 -c HackComp.c -o HackComp.o
cc HackComp.o  -lhacklib -o bin/HackComp
[Fri 09/05/2025  1:15:46.49]  
cc -O2 -Wall -Wextra -std=c11 -c HackComp.c -o HackComp.o
cc HackComp.o  -lhacklib -o bin/HackComp
[Fri 09/05/2025  1:18:34.97]  
make: 'bin/HackComp' is up to date.
[Fri 09/05/2025  1:18:59.42]  
gcc -O2 -Wall -Wextra -std=c11 -lhacklib -o bin/HackComp
[Fri 09/05/2025  1:19:58.76]  
gcc -O2 -Wall -Wextra -std=c11 -lhacklib -o bin/HackComp
[Fri 09/05/2025  1:20:51.93]  
gcc -O2 -Wall -Wextra -std=c11 -lhacklib -o bin/HackComp
[Fri 09/05/2025  1:21:21.56]  
gcc -O2 -Wall -Wextra -std=c11 HackComp.c -lhacklib -o bin/HackComp
[Fri 09/05/2025  1:21:40.52]  
gcc -O2 -Wall -Wextra -std=c11 HackComp.c -lhacklib -o bin/HackComp
[Fri 09/05/2025  1:21:50.72]  
gcc -O2 -Wall -Wextra -std=c11 HackComp.c -lhacklib -o bin/HackComp
[Fri 09/05/2025  1:22:16.04]  
gcc -O2 -Wall -Wextra -std=c11 HackComp.c -lhacklib -o bin/HackComp
[Fri 09/05/2025  1:22:41.46]  
gcc -O2 -Wall -Wextra -std=c11 HackComp.c -lhacklib -o bin/HackComp
[Fri 09/05/2025  1:23:28.38]  
gcc -O2 -Wall -Wextra -std=c11 HackComp.c -lhacklib -o bin/HackComp
[Fri 09/05/2025  1:29:52.36]  
make: 'bin/HackComp' is up to date.
[Fri 09/05/2025  1:30:05.23]  
gcc -O2 -Wall -Wextra -std=c11 HackComp.c -lhacklib -o bin/HackComp
[Fri 09/05/2025  1:31:12.19]  
make: 'bin/HackComp' is up to date.
[Fri 09/05/2025  1:32:07.30]  
gcc -O2 -Wall -Wextra -std=c11 HackComp.c -lhacklib -o bin/HackComp
[Fri 09/05/2025  1:32:19.33]  
gcc -O2 -Wall -Wextra -std=c11 HackComp.c -lhacklib -o bin/HackComp
[Fri 09/05/2025  1:34:55.43]  
gcc -O2 -Wall -Wextra -std=c11 HackComp.c -lhacklib -o bin/HackComp
[Fri 09/05/2025  1:35:12.71]  
gcc -O2 -Wall -Wextra -std=c11 HackComp.c -lhacklib -o bin/HackComp
[Fri 09/05/2025  2:00:51.17]  
gcc -O2 -Wall -Wextra -std=c11 HackComp.c -lhacklib -o bin/HackComp
[Fri 09/05/2025  2:01:09.65]  
make: 'bin/HackComp' is up to date.
[Fri 09/05/2025  2:44:28.23]  
gcc -O2 -Wall -Wextra -std=c11 HackComp.c -lhacklib -o bin/HackComp
[Fri 09/05/2025  2:47:04.00]  
gcc -O2 -Wall -Wextra -std=c11 HackComp.c -lhacklib -o bin/HackComp
[Fri 09/05/2025  2:47:14.33]  
gcc -O2 -Wall -Wextra -std=c11 HackComp.c -lhacklib -o bin/HackComp
[Fri 09/05/2025  2:55:43.53]  
gcc -O2 -Wall -Wextra -std=c11 HackComp.c -lhacklib -o bin/HackComp
[Fri 09/05/2025  2:59:23.64]  
make: 'bin/HackComp' is up to date.
[Fri 09/05/2025  3:03:58.53]  
make: 'bin/HackComp' is up to date.
[Fri 09/05/2025  3:06:09.37]  
make: 'bin/HackComp' is up to date.
[Fri 09/05/2025  3:06:40.06]  
make: 'bin/HackComp' is up to date.
[Fri 09/05/2025  3:07:26.50]  
make: 'bin/HackComp' is up to date.
[Fri 09/05/2025  3:10:31.81]  
make: 'bin/HackComp' is up to date.
[Fri 09/05/2025  3:18:06.33]  
gcc -O2 -Wall -Wextra -std=c11 HackComp.c -lhacklib -o bin/HackComp
[Fri 09/05/2025  3:22:33.88]  
make: 'bin/HackComp' is up to date.
[Fri 09/05/2025  3:25:31.77]  
gcc -O2 -Wall -Wextra -std=c11 HackComp.c -lhacklib -o bin/HackComp
[Fri 09/05/2025  3:32:26.17]  
gcc -O2 -Wall -Wextra -std=c11 HackComp.c -lhacklib -o bin/HackComp
[Fri 09/05/2025  3:33:06.95]  
gcc -O2 -Wall -Wextra -std=c11 HackComp.c -lhacklib -o bin/HackComp
[Fri 09/05/2025  3:33:44.00]  
gcc -O2 -Wall -Wextra -std=c11 HackComp.c -lhacklib -o bin/HackComp
[Fri 09/05/2025  3:33:55.31]  
gcc -O2 -Wall -Wextra -std=c11 HackComp.c -lhacklib -o bin/HackComp
[Fri 09/05/2025  3:34:06.75]  
gcc -O2 -Wall -Wextra -std=c11 HackComp.c -lhacklib -o bin/HackComp
[Fri 09/05/2025  3:34:40.50]  
gcc -O2 -Wall -Wextra -std=c11 HackComp.c -lhacklib -o bin/HackComp
[Fri 09/05/2025  3:36:10.37]  
gcc -O2 -Wall -Wextra -std=c11 HackComp.c -lhacklib -o bin/HackComp
[Fri 09/05/2025  3:36:32.18]  
gcc -O2 -Wall -Wextra -std=c11 HackComp.c -lhacklib -o bin/HackComp
[Fri 09/05/2025  3:40:30.89]  
make: 'bin/HackComp' is up to date.
[Fri 09/05/2025  3:46:29.86]  
make: 'bin/HackComp' is up to date.
[Fri 09/05/2025  3:46:46.17]  
gcc -O2 -Wall -Wextra -std=c11 HackComp.c -lhacklib -o bin/HackComp
[Fri 09/05/2025  3:49:35.26]  
make: 'bin/HackComp' is up to date.
[Fri 09/05/2025  3:54:45.37]  
gcc -O2 -Wall -Wextra -std=c11 HackComp.c -lhacklib -o bin/HackComp
[Fri 09/05/2025  3:58:23.04]  
gcc -O2 -Wall -Wextra -std=c11 HackComp.c -lhacklib -o bin/HackComp
[Fri 09/05/2025  4:07:00.41]  
gcc -O2 -Wall -Wextra -std=c11 HackComp.c -lhacklib -o bin/HackComp
[Fri 09/05/2025  4:14:29.16]  
gcc -O2 -Wall -Wextra -std=c11 HackComp.c -lhacklib -o bin/HackComp
[Fri 09/05/2025  5:20:58.74]  
gcc -O2 -Wall -Wextra -std=c11 HackComp.c -lhacklib -o bin/HackComp
[Fri 09/05/2025  5:21:41.29]  
gcc -O2 -Wall -Wextra -std=c11 HackComp.c -lhacklib -o bin/HackComp
[Fri 09/05/2025  7:19:16.86]  
gcc -O2 -Wall -Wextra -std=c11 HackComp.c -lhacklib -o bin/HackComp
[Fri 09/05/2025  7:21:10.48]  
gcc -O2 -Wall -Wextra -std=c11 HackComp.c -lhacklib -o bin/HackComp
[Fri 09/05/2025  7:22:43.83]  
gcc -O2 -Wall -Wextra -std=c11 HackComp.c -lhacklib -o bin/HackComp
[Fri 09/05/2025  7:26:07.78]  
gcc -O2 -Wall -Wextra -std=c11 HackComp.c -lhacklib -o bin/HackComp
[Fri 09/05/2025  7:26:38.45]  
gcc -O2 -Wall -Wextra -std=c11 HackComp.c -lhacklib -o bin/HackComp
[Fri 09/05/2025  7:27:06.71]  
gcc -O2 -Wall -Wextra -std=c11 HackComp.c -lhacklib -o bin/HackComp
[Fri 09/05/2025  7:27:09.69]  
make: 'bin/HackComp' is up to date.
[Fri 09/05/2025  7:27:10.27]  
make: 'bin/HackComp' is up to date.
[Fri 09/05/2025  7:27:10.93]  
make: 'bin/HackComp' is up to date.
[Fri 09/05/2025  7:46:36.26]  
gcc -O2 -Wall -Wextra -std=c11 HackComp.c -lhacklib -o bin/HackComp
[Fri 09/05/2025  7:52:52.64]  
gcc -O2 -Wall -Wextra -std=c11 HackComp.c -lhacklib -o bin/HackComp
[Fri 09/05/2025  7:53:01.84]  
gcc -O2 -Wall -Wextra -std=c11 HackComp.c -lhacklib -o bin/HackComp
[Fri 09/05/2025  7:54:29.05]  
gcc -O2 -Wall -Wextra -std=c11 HackComp.c -lhacklib -o bin/HackComp
[Fri 09/05/2025  7:55:41.93]  
gcc -O2 -Wall -Wextra -std=c11 HackComp.c -lhacklib -o bin/HackComp
[Fri 09/05/2025  7:55:42.90]  
make: 'bin/HackComp' is up to date.
[Fri 09/05/2025  7:55:49.78]  
gcc -O2 -Wall -Wextra -std=c11 HackComp.c -lhacklib -o bin/HackComp
[Fri 09/05/2025  7:56:04.90]  
gcc -O2 -Wall -Wextra -std=c11 HackComp.c -lhacklib -o bin/HackComp
[Fri 09/05/2025  7:56:07.37]  
make: 'bin/HackComp' is up to date.
[Fri 09/05/2025  7:56:23.18]  
gcc -O2 -Wall -Wextra -std=c11 HackComp.c -lhacklib -o bin/HackComp
[Fri 09/05/2025  8:01:07.67]  
gcc -O2 -Wall -Wextra -std=c11 HackComp.c -lhacklib -o bin/HackComp
[Fri 09/05/2025  8:12:07.28]  
gcc -O2 -Wall -Wextra -std=c11 HackComp.c -lhacklib -o bin/HackComp
[Fri 09/05/2025  8:12:31.31]  
gcc -O2 -Wall -Wextra -std=c11 HackComp.c -lhacklib -o bin/HackComp
[Fri 09/05/2025  8:13:06.53]  
gcc -O2 -Wall -Wextra -std=c11 HackComp.c -lhacklib -o bin/HackComp
[Fri 09/05/2025  8:13:40.19]  
gcc -O2 -Wall -Wextra -std=c11 HackComp.c -lhacklib -o bin/HackComp
[Fri 09/05/2025  8:13:47.13]  
gcc -O2 -Wall -Wextra -std=c11 HackComp.c -lhacklib -o bin/HackComp
[Fri 09/05/2025  8:17:32.39]  
gcc -O2 -Wall -Wextra -std=c11 HackComp.c -lhacklib -o bin/HackComp
[Fri 09/05/2025  8:17:41.93]  
gcc -O2 -Wall -Wextra -std=c11 HackComp.c -lhacklib -o bin/HackComp
[Fri 09/05/2025  8:18:39.28]  
gcc -O2 -Wall -Wextra -std=c11 HackComp.c -lhacklib -o bin/HackComp
[Fri 09/05/2025  8:18:57.95]  
gcc -O2 -Wall -Wextra -std=c11 HackComp.c -lhacklib -o bin/HackComp
[Fri 09/05/2025  8:19:15.44]  
make: 'bin/HackComp' is up to date.
[Fri 09/05/2025  8:19:32.42]  
gcc -O2 -Wall -Wextra -std=c11 HackComp.c -lhacklib -o bin/HackComp
[Fri 09/05/2025  8:19:59.13]  
gcc -O2 -Wall -Wextra -std=c11 HackComp.c -lhacklib -o bin/HackComp
[Fri 09/05/2025 15:29:39.30]  
gcc -O2 -Wall -Wextra -std=c11 HackComp.c -lhacklib -o bin/HackComp
[Fri 09/05/2025 15:31:45.41]  
gcc -O2 -Wall -Wextra -std=c11 HackComp.c -lhacklib -o bin/HackComp
[Fri 09/05/2025 15:31:55.21]  
gcc -O2 -Wall -Wextra -std=c11 HackComp.c -lhacklib -o bin/HackComp
[Fri 09/05/2025 15:32:42.16]  
gcc -O2 -Wall -Wextra -std=c11 HackComp.c -lhacklib -o bin/HackComp
[Fri 09/05/2025 15:33:00.66]  
gcc -O2 -Wall -Wextra -std=c11 HackComp.c -lhacklib -o bin/HackComp
[Fri 09/05/2025 15:33:09.72]  
gcc -O2 -Wall -Wextra -std=c11 HackComp.c -lhacklib -o bin/HackComp
[Fri 09/05/2025 15:33:45.04]  
gcc -O2 -Wall -Wextra -std=c11 HackComp.c -lhacklib -o bin/HackComp
[Fri 09/05/2025 15:34:19.75]  
gcc -O2 -Wall -Wextra -std=c11 HackComp.c -lhacklib -o bin/HackComp
[Fri 09/05/2025 15:34:20.85]  
make: 'bin/HackComp' is up to date.
[Fri 09/05/2025 15:34:40.41]  
gcc -O2 -Wall -Wextra -std=c11 HackComp.c -lhacklib -o bin/HackComp
[Fri 09/05/2025 15:34:51.98]  
gcc -O2 -Wall -Wextra -std=c11 HackComp.c -lhacklib -o bin/HackComp
[Fri 09/05/2025 15:35:07.49]  
gcc -O2 -Wall -Wextra -std=c11 HackComp.c -lhacklib -o bin/HackComp
[Fri 09/05/2025 15:35:49.18]  
gcc -O2 -Wall -Wextra -std=c11 HackComp.c -lhacklib -o bin/HackComp
[Fri 09/05/2025 15:36:03.00]  
gcc -O2 -Wall -Wextra -std=c11 HackComp.c -lhacklib -o bin/HackComp
[Fri 09/05/2025 15:36:16.05]  
gcc -O2 -Wall -Wextra -std=c11 HackComp.c -lhacklib -o bin/HackComp
[Fri 09/05/2025 15:37:20.34]  
gcc -O2 -Wall -Wextra -std=c11 HackComp.c -lhacklib -o bin/HackComp
[Fri 09/05/2025 15:37:25.74]  
gcc -O2 -Wall -Wextra -std=c11 HackComp.c -lhacklib -o bin/HackComp
[Fri 09/05/2025 15:41:47.70]  
gcc -O2 -Wall -Wextra -std=c11 HackComp.c -lhacklib -o bin/HackComp
[Fri 09/05/2025 15:45:31.88]  
gcc -O2 -Wall -Wextra -std=c11 HackComp.c -lhacklib -o bin/HackComp
[Fri 09/05/2025 15:46:09.76]  
gcc -O2 -Wall -Wextra -std=c11 HackComp.c -lhacklib -o bin/HackComp
[Fri 09/05/2025 15:47:17.64]  
gcc -O2 -Wall -Wextra -std=c11 HackComp.c -lhacklib -o bin/HackComp
[Fri 09/05/2025 15:47:33.33]  
gcc -O2 -Wall -Wextra -std=c11 HackComp.c -lhacklib -o bin/HackComp
[Fri 09/05/2025 15:56:22.41]  
gcc -O2 -Wall -Wextra -std=c11 HackComp.c -lhacklib -o bin/HackComp
[Fri 09/05/2025 15:56:28.23]  
gcc -O2 -Wall -Wextra -std=c11 HackComp.c -lhacklib -o bin/HackComp
[Fri 09/05/2025 15:56:51.42]  
gcc -O2 -Wall -Wextra -std=c11 HackComp.c -lhacklib -o bin/HackComp
[Fri 09/05/2025 15:56:53.17]  
make: 'bin/HackComp' is up to date.
[Fri 09/05/2025 15:57:01.95]  
gcc -O2 -Wall -Wextra -std=c11 HackComp.c -lhacklib -o bin/HackComp
[Fri 09/05/2025 15:57:27.47]  
gcc -O2 -Wall -Wextra -std=c11 HackComp.c -lhacklib -o bin/HackComp
[Fri 09/05/2025 15:58:54.63]  
gcc -O2 -Wall -Wextra -std=c11 HackComp.c -lhacklib -o bin/HackComp
[Fri 09/05/2025 15:59:42.54]  
gcc -O2 -Wall -Wextra -std=c11 HackComp.c -lhacklib -o bin/HackComp
[Fri 09/05/2025 16:00:01.70]  
gcc -O2 -Wall -Wextra -std=c11 HackComp.c -lhacklib -o bin/HackComp
[Fri 09/05/2025 16:00:25.06]  
gcc -O2 -Wall -Wextra -std=c11 HackComp.c -lhacklib -o bin/HackComp
[Fri 09/05/2025 16:00:40.53]  
gcc -O2 -Wall -Wextra -std=c11 HackComp.c -lhacklib -o bin/HackComp
[Fri 09/05/2025 16:04:25.50]  
gcc -O2 -Wall -Wextra -std=c11 HackComp.c -lhacklib -o bin/HackComp
[Fri 09/05/2025 16:05:44.76]  
gcc -O2 -Wall -Wextra -std=c11 HackComp.c -lhacklib -o bin/HackComp
[Fri 09/05/2025 16:06:02.29]  
gcc -O2 -Wall -Wextra -std=c11 HackComp.c -lhacklib -o bin/HackComp
[Fri 09/05/2025 16:06:13.80]  
gcc -O2 -Wall -Wextra -std=c11 HackComp.c -lhacklib -o bin/HackComp
[Fri 09/05/2025 16:06:50.67]  
gcc -O2 -Wall -Wextra -std=c11 HackComp.c -lhacklib -o bin/HackComp
[Fri 09/05/2025 17:06:53.02]  
gcc -O2 -Wall -Wextra -std=c11 HackComp.c -lhacklib -o bin/HackComp
[Fri 09/05/2025 17:07:06.75]  
gcc -O2 -Wall -Wextra -std=c11 HackComp.c -lhacklib -o bin/HackComp
[Fri 09/05/2025 17:42:42.36]  
gcc -O2 -Wall -Wextra -std=c11 HackComp.c -lhacklib -o bin/HackComp
[Fri 09/05/2025 17:42:57.13]  
gcc -O2 -Wall -Wextra -std=c11 HackComp.c -lhacklib -o bin/HackComp
[Fri 09/05/2025 17:43:21.86]  
gcc -O2 -Wall -Wextra -std=c11 HackComp.c -lhacklib -o bin/HackComp
[Fri 09/05/2025 17:43:38.60]  
gcc -O2 -Wall -Wextra -std=c11 HackComp.c -lhacklib -o bin/HackComp
[Fri 09/05/2025 17:44:57.61]  
gcc -O2 -Wall -Wextra -std=c11 HackComp.c -lhacklib -o bin/HackComp
[Fri 09/05/2025 17:52:38.10]  
gcc -O2 -Wall -Wextra -std=c11 HackComp.c -lhacklib -o bin/HackComp
[Fri 09/05/2025 17:52:53.99]  
gcc -O2 -Wall -Wextra -std=c11 HackComp.c -lhacklib -o bin/HackComp
[Fri 09/05/2025 17:55:37.34]  
gcc -O2 -Wall -Wextra -std=c11 HackComp.c -lhacklib -o bin/HackComp
[Fri 09/05/2025 17:56:06.36]  
gcc -O2 -Wall -Wextra -std=c11 HackComp.c -lhacklib -o bin/HackComp
[Fri 09/05/2025 18:11:19.12]  
gcc -O2 -Wall -Wextra -std=c11 HackComp.c -lhacklib -o bin/HackComp
[Fri 09/05/2025 18:11:30.81]  
gcc -O2 -Wall -Wextra -std=c11 HackComp.c -lhacklib -o bin/HackComp
[Fri 09/05/2025 18:13:01.48]  
gcc -O2 -Wall -Wextra -std=c11 HackComp.c -lhacklib -o bin/HackComp
[Fri 09/05/2025 18:52:42.94]  
gcc -O2 -Wall -Wextra -std=c11 HackComp.c -lhacklib -o bin/HackComp
[Fri 09/05/2025 18:52:56.79]  
gcc -O2 -Wall -Wextra -std=c11 HackComp.c -lhacklib -o bin/HackComp
[Fri 09/05/2025 18:54:19.59]  
gcc -O2 -Wall -Wextra -std=c11 HackComp.c -lhacklib -o bin/HackComp
[Fri 09/05/2025 18:54:40.79]  
gcc -O2 -Wall -Wextra -std=c11 HackComp.c -lhacklib -o bin/HackComp
[Fri 09/05/2025 18:54:55.95]  
gcc -O2 -Wall -Wextra -std=c11 HackComp.c -lhacklib -o bin/HackComp
[Sat 09/06/2025  1:46:05.35]  
gcc -O2 -Wall -Wextra -std=c11 HackComp.c -lhacklib -o bin/HackComp
[Sat 09/06/2025  1:48:20.06]  
gcc -O2 -Wall -Wextra -std=c11 HackComp.c -lhacklib -o bin/HackComp
[Sat 09/06/2025  1:49:42.26]  
gcc -O2 -Wall -Wextra -std=c11 HackComp.c -lhacklib -o bin/HackComp
[Sat 09/06/2025  1:49:49.87]  
gcc -O2 -Wall -Wextra -std=c11 HackComp.c -lhacklib -o bin/HackComp
[Sat 09/06/2025  1:50:34.21]  
gcc -O2 -Wall -Wextra -std=c11 HackComp.c -lhacklib -o bin/HackComp
[Sat 09/06/2025  1:50:35.46]  
make: 'bin/HackComp' is up to date.
[Sat 09/06/2025  1:53:21.74]  
gcc -O2 -Wall -Wextra -std=c11 HackComp.c -lhacklib -o bin/HackComp
[Sat 09/06/2025  1:53:33.97]  
gcc -O2 -Wall -Wextra -std=c11 HackComp.c -lhacklib -o bin/HackComp
[Sat 09/06/2025  1:54:17.27]  
gcc -O2 -Wall -Wextra -std=c11 HackComp.c -lhacklib -o bin/HackComp
[Sat 09/06/2025  1:54:36.29]  
gcc -O2 -Wall -Wextra -std=c11 HackComp.c -lhacklib -o bin/HackComp
[Sat 09/06/2025  1:54:43.52]  
gcc -O2 -Wall -Wextra -std=c11 HackComp.c -lhacklib -o bin/HackComp
[Sat 09/06/2025  1:55:46.01]  
gcc -O2 -Wall -Wextra -std=c11 HackComp.c -lhacklib -o bin/HackComp
[Sat 09/06/2025  1:56:07.04]  
gcc -O2 -Wall -Wextra -std=c11 HackComp.c -lhacklib -o bin/HackComp
[Sat 09/06/2025  1:58:22.84]  
gcc -O2 -Wall -Wextra -std=c11 HackComp.c -lhacklib -o bin/HackComp
[Sat 09/06/2025  2:06:36.20]  
gcc -O2 -Wall -Wextra -std=c11 HackComp.c -lhacklib -o bin/HackComp
[Sat 09/06/2025  2:07:11.48]  
gcc -O2 -Wall -Wextra -std=c11 HackComp.c -lhacklib -o bin/HackComp
[Sat 09/06/2025  2:07:42.46]  
gcc -O2 -Wall -Wextra -std=c11 HackComp.c -lhacklib -o bin/HackComp
[Sat 09/06/2025  2:14:42.27]  
gcc -O2 -Wall -Wextra -std=c11 HackComp.c -lhacklib -o bin/HackComp
[Sat 09/06/2025  2:15:49.34]  
gcc -O2 -Wall -Wextra -std=c11 HackComp.c -lhacklib -o bin/HackComp
[Sat 09/06/2025  2:16:13.28]  
gcc -O2 -Wall -Wextra -std=c11 HackComp.c -lhacklib -o bin/HackComp
[Sat 09/06/2025  2:16:27.73]  
gcc -O2 -Wall -Wextra -std=c11 HackComp.c -lhacklib -o bin/HackComp
[Sat 09/06/2025  2:17:19.15]  
gcc -O2 -Wall -Wextra -std=c11 HackComp.c -lhacklib -o bin/HackComp
[Sat 09/06/2025  2:17:42.02]  
gcc -O2 -Wall -Wextra -std=c11 HackComp.c -lhacklib -o bin/HackComp
[Sat 09/06/2025  4:05:41.46]  
gcc -O2 -Wall -Wextra -std=c11 HackComp.c -lhacklib -o bin/HackComp
[Sat 09/06/2025  4:06:19.93]  
gcc -O2 -Wall -Wextra -std=c11 HackComp.c -lhacklib -o bin/HackComp
[Sat 09/06/2025  4:26:12.18]  
gcc -O2 -Wall -Wextra -std=c11 HackComp.c -lhacklib -o bin/HackComp
[Sat 09/06/2025  4:27:55.34]  
make: 'bin/HackComp' is up to date.
[Sat 09/06/2025  4:33:26.64]  
make: 'bin/HackComp' is up to date.
[Sat 09/06/2025  4:35:35.68]  
gcc -O2 -Wall -Wextra -std=c11 HackComp.c -lhacklib -o bin/HackComp
[Sat 09/06/2025  4:55:57.36]  
gcc -O2 -Wall -Wextra -std=c11 HackComp.c -lhacklib -o bin/HackComp
[Sat 09/06/2025  5:01:52.07]  
make: 'bin/HackComp' is up to date.
[Sat 09/06/2025  5:03:16.20]  
make: 'bin/HackComp' is up to date.
[Sat 09/06/2025  5:07:56.89]  
make: 'bin/HackComp' is up to date.
[Sat 09/06/2025  5:12:37.89]  
make: 'bin/HackComp' is up to date.
[Sat 09/06/2025  5:37:10.68]  
make: 'bin/HackComp' is up to date.
[Sat 09/06/2025  5:48:43.94]  
gcc -O2 -Wall -Wextra -std=c11 HackComp.c -lhacklib -o bin/HackComp
[Sat 09/06/2025  5:48:51.93]  
gcc -O2 -Wall -Wextra -std=c11 HackComp.c -lhacklib -o bin/HackComp
[Sat 09/06/2025  5:53:16.48]  
gcc -O2 -Wall -Wextra -std=c11 HackComp.c -lhacklib -o bin/HackComp
[Sat 09/06/2025  5:53:27.25]  
gcc -O2 -Wall -Wextra -std=c11 HackComp.c -lhacklib -o bin/HackComp
[Sat 09/06/2025  5:54:50.63]  
gcc -O2 -Wall -Wextra -std=c11 HackComp.c -lhacklib -o bin/HackComp
[Sat 09/06/2025  5:55:20.39]  
gcc -O2 -Wall -Wextra -std=c11 HackComp.c -lhacklib -o bin/HackComp
[Sat 09/06/2025  5:55:43.02]  
gcc -O2 -Wall -Wextra -std=c11 HackComp.c -lhacklib -o bin/HackComp
[Sat 09/06/2025  5:56:20.55]  
gcc -O2 -Wall -Wextra -std=c11 HackComp.c -lhacklib -o bin/HackComp
[Sat 09/06/2025  5:57:04.46]  
gcc -O2 -Wall -Wextra -std=c11 HackComp.c -lhacklib -o bin/HackComp
[Sat 09/06/2025  5:57:17.34]  
gcc -O2 -Wall -Wextra -std=c11 HackComp.c -lhacklib -o bin/HackComp
[Sat 09/06/2025  5:58:18.94]  
gcc -O2 -Wall -Wextra -std=c11 HackComp.c -lhacklib -o bin/HackComp
[Sat 09/06/2025  6:05:48.12]  
gcc -O2 -Wall -Wextra -std=c11 HackComp.c -lhacklib -o bin/HackComp
[Sat 09/06/2025  6:06:01.35]  
gcc -O2 -Wall -Wextra -std=c11 HackComp.c -lhacklib -o bin/HackComp
[Sat 09/06/2025  6:06:15.29]  
gcc -O2 -Wall -Wextra -std=c11 HackComp.c -lhacklib -o bin/HackComp
[Sat 09/06/2025  6:09:33.26]  
gcc -O2 -Wall -Wextra -std=c11 HackComp.c -lhacklib -o bin/HackComp
[Sat 09/06/2025  6:12:37.69]  
gcc -O2 -Wall -Wextra -std=c11 HackComp.c -lhacklib -o bin/HackComp
[Sat 09/06/2025  6:21:34.63]  
gcc -O2 -Wall -Wextra -std=c11 HackComp.c -lhacklib -o bin/HackComp
[Sat 09/06/2025  6:28:47.10]  
gcc -O2 -Wall -Wextra -std=c11 HackComp.c -lhacklib -o bin/HackComp
[Sat 09/06/2025  6:49:20.63]  
gcc -O2 -Wall -Wextra -std=c11 HackComp.c -lhacklib -o bin/HackComp
[Sat 09/06/2025  6:50:03.66]  
gcc -O2 -Wall -Wextra -std=c11 HackComp.c -lhacklib -o bin/HackComp
[Sat 09/06/2025  6:52:04.65]  
gcc -O2 -Wall -Wextra -std=c11 HackComp.c -lhacklib -o bin/HackComp
[Sat 09/06/2025  6:52:32.99]  
gcc -O2 -Wall -Wextra -std=c11 HackComp.c -lhacklib -o bin/HackComp
[Sat 09/06/2025  6:56:38.17]  
gcc -O2 -Wall -Wextra -std=c11 HackComp.c -lhacklib -o bin/HackComp
[Sat 09/06/2025  6:57:32.13]  
make: 'bin/HackComp' is up to date.
