[Fri 09/05/2025  0:44:02.10]  
[Fri 09/05/2025  0:44:57.27]  
[Fri 09/05/2025  0:45:43.56]  
cc -O2 -Wall -Wextra -std=c11 -Ibuild -c Hacklib.c -o build/Hacklib.o
cc build/Hacklib.o -shared -Wl,--out-implib,build/libhacklib.dll.a -o build/libhacklib.dll
[Fri 09/05/2025  0:46:19.57]  
cc -O2 -Wall -Wextra -std=c11 -Ibuild -c Hacklib.c -o build/Hacklib.o
cc build/Hacklib.o -shared -Wl,--out-implib,build/libhacklib.dll.a -o build/libhacklib.dll
[Fri 09/05/2025  0:47:34.06]  
cc -O2 -Wall -Wextra -std=c11 -Ibuild -c Hacklib.c -o build/Hacklib.o
cc build/Hacklib.o -shared -Wl,--out-implib,build/libhacklib.dll.a -o build/libhacklib.dll
[Fri 09/05/2025  0:54:45.65]  
cc -O2 -Wall -Wextra -std=c11 -I -c Hacklib.c -o build/Hacklib.o
[Fri 09/05/2025  0:55:09.64]  
cc -O2 -Wall -Wextra -std=c11 -I -c Hacklib.c -o build/Hacklib.o
[Fri 09/05/2025  0:55:35.99]  
cc -O2 -Wall -Wextra -std=c11 -fPIC -I. -c Hacklib.c -o Hacklib.o
cc Hacklib.o -shared -Wl,--out-implib,libhacklib.dll.a -o libhacklib.dll
[Fri 09/05/2025  1:13:29.44]  
cc -O2 -Wall -Wextra -std=c11 -fPIC -I. -c Hacklib.c -o Hacklib.o
[Fri 09/05/2025  1:13:50.53]  
cc -O2 -Wall -Wextra -std=c11 -fPIC -I. -c Hacklib.c -o Hacklib.o
cc Hacklib.o -shared -Wl,--out-implib,libhacklib.dll.a -o libhacklib.dll
[Fri 09/05/2025  1:18:28.28]  
cc -O2 -Wall -Wextra -std=c11 -fPIC -I. -c Hacklib.c -o Hacklib.o
cc Hacklib.o -shared -Wl,--out-implib,liblibhacklib.dll.a -o liblibhacklib.dll
[Fri 09/05/2025  1:19:50.00]  
cc -O2 -Wall -Wextra -std=c11 -fPIC -I. -c Hacklib.c -o Hacklib.o
cc Hacklib.o -shared -Wl,--out-implib,libhacklib.dll.a -o libhacklib.dll
[Fri 09/05/2025  1:29:39.99]  
cc -O2 -Wall -Wextra -std=c11 -fPIC -I. -c Hacklib.c -o Hacklib.o
cc Hacklib.o -shared -Wl,--out-implib,libhacklib.dll.a -o libhacklib.dll
[Fri 09/05/2025  1:31:06.63]  
cc -O2 -Wall -Wextra -std=c11 -fPIC -I. -c Hacklib.c -o Hacklib.o
cc Hacklib.o -shared -Wl,--out-implib,libhacklib.dll.a -o libhacklib.dll
[Fri 09/05/2025  1:58:53.79]  
cc -O2 -Wall -Wextra -std=c11 -fPIC -I. -c Hacklib.c -o Hacklib.o
[Fri 09/05/2025  1:59:16.65]  
cc -O2 -Wall -Wextra -std=c11 -fPIC -I. -c Hacklib.c -o Hacklib.o
cc Hacklib.o -shared -Wl,--out-implib,libhacklib.dll.a -o libhacklib.dll
[Fri 09/05/2025  1:59:45.56]  
cc -O2 -Wall -Wextra -std=c11 -fPIC -I. -c Hacklib.c -o Hacklib.o
cc Hacklib.o -shared -Wl,--out-implib,libhacklib.dll.a -o libhacklib.dll
[Fri 09/05/2025  2:42:40.99]  
cc -O2 -Wall -Wextra -std=c11 -fPIC -I. -c Hacklib.c -o Hacklib.o
cc Hacklib.o -shared -Wl,--out-implib,libhacklib.dll.a -o libhacklib.dll
[Fri 09/05/2025  2:42:50.81]  
cc -O2 -Wall -Wextra -std=c11 -fPIC -I. -c Hacklib.c -o Hacklib.o
cc Hacklib.o -shared -Wl,--out-implib,libhacklib.dll.a -o libhacklib.dll
[Fri 09/05/2025  2:43:36.35]  
cc -O2 -Wall -Wextra -std=c11 -fPIC -I. -c Hacklib.c -o Hacklib.o
cc Hacklib.o -shared -Wl,--out-implib,libhacklib.dll.a -o libhacklib.dll
[Fri 09/05/2025  2:53:04.31]  
cc -O2 -Wall -Wextra -std=c11 -fPIC -I. -c Hacklib.c -o Hacklib.o
[Fri 09/05/2025  2:54:47.35]  
cc -O2 -Wall -Wextra -std=c11 -fPIC -I. -c Hacklib.c -o Hacklib.o
[Fri 09/05/2025  2:55:21.22]  
cc -O2 -Wall -Wextra -std=c11 -fPIC -I. -c Hacklib.c -o Hacklib.o
cc Hacklib.o -shared -Wl,--out-implib,libhacklib.dll.a -o libhacklib.dll
[Fri 09/05/2025  2:59:15.74]  
cc -O2 -Wall -Wextra -std=c11 -fPIC -I. -c Hacklib.c -o Hacklib.o
cc Hacklib.o -shared -Wl,--out-implib,libhacklib.dll.a -o libhacklib.dll
[Fri 09/05/2025  3:03:52.29]  
cc -O2 -Wall -Wextra -std=c11 -fPIC -I. -c Hacklib.c -o Hacklib.o
cc Hacklib.o -shared -Wl,--out-implib,libhacklib.dll.a -o libhacklib.dll
[Fri 09/05/2025  3:05:57.25]  
cc -O2 -Wall -Wextra -std=c11 -fPIC -I. -c Hacklib.c -o Hacklib.o
cc Hacklib.o -shared -Wl,--out-implib,libhacklib.dll.a -o libhacklib.dll
[Fri 09/05/2025  3:06:34.08]  
cc -O2 -Wall -Wextra -std=c11 -fPIC -I. -c Hacklib.c -o Hacklib.o
cc Hacklib.o -shared -Wl,--out-implib,libhacklib.dll.a -o libhacklib.dll
[Fri 09/05/2025  3:07:19.33]  
cc -O2 -Wall -Wextra -std=c11 -fPIC -I. -c Hacklib.c -o Hacklib.o
cc Hacklib.o -shared -Wl,--out-implib,libhacklib.dll.a -o libhacklib.dll
[Fri 09/05/2025  3:10:24.90]  
cc -O2 -Wall -Wextra -std=c11 -fPIC -I. -c Hacklib.c -o Hacklib.o
cc Hacklib.o -shared -Wl,--out-implib,libhacklib.dll.a -o libhacklib.dll
[Fri 09/05/2025  3:17:30.78]  
cc -O2 -Wall -Wextra -std=c11 -fPIC -I. -c Hacklib.c -o Hacklib.o
cc Hacklib.o -shared -Wl,--out-implib,libhacklib.dll.a -o libhacklib.dll
[Fri 09/05/2025  3:19:47.08]  
cc -O2 -Wall -Wextra -std=c11 -fPIC -I. -c Hacklib.c -o Hacklib.o
cc Hacklib.o -shared -Wl,--out-implib,libhacklib.dll.a -o libhacklib.dll
[Fri 09/05/2025  3:20:05.39]  
cc -O2 -Wall -Wextra -std=c11 -fPIC -I. -c Hacklib.c -o Hacklib.o
cc Hacklib.o -shared -Wl,--out-implib,libhacklib.dll.a -o libhacklib.dll
[Fri 09/05/2025  3:21:48.98]  
cc -O2 -Wall -Wextra -std=c11 -fPIC -I. -c Hacklib.c -o Hacklib.o
cc Hacklib.o -shared -Wl,--out-implib,libhacklib.dll.a -o libhacklib.dll
[Fri 09/05/2025  3:22:14.93]  
cc -O2 -Wall -Wextra -std=c11 -fPIC -I. -c Hacklib.c -o Hacklib.o
cc Hacklib.o -shared -Wl,--out-implib,libhacklib.dll.a -o libhacklib.dll
[Fri 09/05/2025  3:25:06.46]  
cc -O2 -Wall -Wextra -std=c11 -fPIC -I. -c Hacklib.c -o Hacklib.o
cc Hacklib.o -shared -Wl,--out-implib,libhacklib.dll.a -o libhacklib.dll
[Fri 09/05/2025  3:31:05.91]  
cc -O2 -Wall -Wextra -std=c11 -fPIC -I. -c Hacklib.c -o Hacklib.o
[Fri 09/05/2025  3:31:23.51]  
cc -O2 -Wall -Wextra -std=c11 -fPIC -I. -c Hacklib.c -o Hacklib.o
cc Hacklib.o -shared -Wl,--out-implib,libhacklib.dll.a -o libhacklib.dll
[Fri 09/05/2025  3:33:48.58]  
cc -O2 -Wall -Wextra -std=c11 -fPIC -I. -c Hacklib.c -o Hacklib.o
cc Hacklib.o -shared -Wl,--out-implib,libhacklib.dll.a -o libhacklib.dll
[Fri 09/05/2025  3:34:23.38]  
cc -O2 -Wall -Wextra -std=c11 -fPIC -I. -c Hacklib.c -o Hacklib.o
cc Hacklib.o -shared -Wl,--out-implib,libhacklib.dll.a -o libhacklib.dll
[Fri 09/05/2025  3:40:17.57]  
cc -O2 -Wall -Wextra -std=c11 -fPIC -I. -c Hacklib.c -o Hacklib.o
cc Hacklib.o -shared -Wl,--out-implib,libhacklib.dll.a -o libhacklib.dll
[Fri 09/05/2025  3:46:23.84]  
cc -O2 -Wall -Wextra -std=c11 -fPIC -I. -c Hacklib.c -o Hacklib.o
cc Hacklib.o -shared -Wl,--out-implib,libhacklib.dll.a -o libhacklib.dll
[Fri 09/05/2025  3:49:26.00]  
cc -O2 -Wall -Wextra -std=c11 -fPIC -I. -c Hacklib.c -o Hacklib.o
cc Hacklib.o -shared -Wl,--out-implib,libhacklib.dll.a -o libhacklib.dll
[Fri 09/05/2025  3:50:21.52]  
cc -O2 -Wall -Wextra -std=c11 -fPIC -I. -c Hacklib.c -o Hacklib.o
cc Hacklib.o -shared -Wl,--out-implib,libhacklib.dll.a -o libhacklib.dll
[Fri 09/05/2025  3:53:23.60]  
cc -O2 -Wall -Wextra -std=c11 -fPIC -I. -c Hacklib.c -o Hacklib.o
cc Hacklib.o -shared -Wl,--out-implib,libhacklib.dll.a -o libhacklib.dll
[Fri 09/05/2025  3:56:56.17]  
cc -O2 -Wall -Wextra -std=c11 -fPIC -I. -c Hacklib.c -o Hacklib.o
cc Hacklib.o -shared -Wl,--out-implib,libhacklib.dll.a -o libhacklib.dll
[Fri 09/05/2025  4:06:43.20]  
cc -O2 -Wall -Wextra -std=c11 -fPIC -I. -c Hacklib.c -o Hacklib.o
cc Hacklib.o -shared -Wl,--out-implib,libhacklib.dll.a -o libhacklib.dll
[Fri 09/05/2025  5:14:46.28]  
cc -O2 -Wall -Wextra -std=c11 -fPIC -I. -c Hacklib.c -o Hacklib.o
[Fri 09/05/2025  5:15:52.10]  
cc -O2 -Wall -Wextra -std=c11 -fPIC -I. -c Hacklib.c -o Hacklib.o
[Fri 09/05/2025  5:16:14.03]  
cc -O2 -Wall -Wextra -std=c11 -fPIC -I. -c Hacklib.c -o Hacklib.o
cc Hacklib.o -shared -Wl,--out-implib,libhacklib.dll.a -o libhacklib.dll
[Fri 09/05/2025  5:16:34.53]  
cc -O2 -Wall -Wextra -std=c11 -fPIC -I. -c Hacklib.c -o Hacklib.o
[Fri 09/05/2025  5:16:40.95]  
cc -O2 -Wall -Wextra -std=c11 -fPIC -I. -c Hacklib.c -o Hacklib.o
cc Hacklib.o -shared -Wl,--out-implib,libhacklib.dll.a -o libhacklib.dll
[Fri 09/05/2025  5:17:27.62]  
cc -O2 -Wall -Wextra -std=c11 -fPIC -I. -c Hacklib.c -o Hacklib.o
cc Hacklib.o -shared -Wl,--out-implib,libhacklib.dll.a -o libhacklib.dll
[Fri 09/05/2025  5:17:38.81]  
cc -O2 -Wall -Wextra -std=c11 -fPIC -I. -c Hacklib.c -o Hacklib.o
cc Hacklib.o -shared -Wl,--out-implib,libhacklib.dll.a -o libhacklib.dll
[Fri 09/05/2025  5:17:49.35]  
cc -O2 -Wall -Wextra -std=c11 -fPIC -I. -c Hacklib.c -o Hacklib.o
[Fri 09/05/2025  5:18:19.53]  
cc -O2 -Wall -Wextra -std=c11 -fPIC -I. -c Hacklib.c -o Hacklib.o
cc Hacklib.o -shared -Wl,--out-implib,libhacklib.dll.a -o libhacklib.dll
[Fri 09/05/2025  5:20:17.59]  
cc -O2 -Wall -Wextra -std=c11 -fPIC -I. -c Hacklib.c -o Hacklib.o
cc Hacklib.o -shared -Wl,--out-implib,libhacklib.dll.a -o libhacklib.dll
[Fri 09/05/2025  5:21:07.83]  
cc -O2 -Wall -Wextra -std=c11 -fPIC -I. -c Hacklib.c -o Hacklib.o
cc Hacklib.o -shared -Wl,--out-implib,libhacklib.dll.a -o libhacklib.dll
[Fri 09/05/2025  7:18:46.09]  
cc -O2 -Wall -Wextra -std=c11 -fPIC -I. -c Hacklib.c -o Hacklib.o
cc Hacklib.o -shared -Wl,--out-implib,libhacklib.dll.a -o libhacklib.dll
[Fri 09/05/2025 15:11:15.00]  
cc -O2 -Wall -Wextra -std=c11 -fPIC -I. -c Hacklib.c -o Hacklib.o
cc Hacklib.o -shared -Wl,--out-implib,libhacklib.dll.a -o libhacklib.dll
[Sat 09/06/2025  2:35:53.94]  
cc -O2 -Wall -Wextra -std=c11 -fPIC -I. -c Hacklib.c -o Hacklib.o
cc Hacklib.o -shared -Wl,--out-implib,libhacklib.dll.a -o libhacklib.dll
[Sat 09/06/2025  4:03:45.46]  
cc -O2 -Wall -Wextra -std=c11 -fPIC -I. -c Hacklib.c -o Hacklib.o
[Sat 09/06/2025  4:04:11.96]  
cc -O2 -Wall -Wextra -std=c11 -fPIC -I. -c Hacklib.c -o Hacklib.o
[Sat 09/06/2025  4:04:19.97]  
cc -O2 -Wall -Wextra -std=c11 -fPIC -I. -c Hacklib.c -o Hacklib.o
cc Hacklib.o -shared -Wl,--out-implib,libhacklib.dll.a -o libhacklib.dll
[Sat 09/06/2025  4:25:30.86]  
cc -O2 -Wall -Wextra -std=c11 -fPIC -I. -c Hacklib.c -o Hacklib.o
cc Hacklib.o -shared -Wl,--out-implib,libhacklib.dll.a -o libhacklib.dll
[Sat 09/06/2025  4:27:58.39]  
cc -O2 -Wall -Wextra -std=c11 -fPIC -I. -c Hacklib.c -o Hacklib.o
cc Hacklib.o -shared -Wl,--out-implib,libhacklib.dll.a -o libhacklib.dll
[Sat 09/06/2025  4:33:29.20]  
cc -O2 -Wall -Wextra -std=c11 -fPIC -I. -c Hacklib.c -o Hacklib.o
cc Hacklib.o -shared -Wl,--out-implib,libhacklib.dll.a -o libhacklib.dll
[Sat 09/06/2025  4:53:57.61]  
cc -O2 -Wall -Wextra -std=c11 -fPIC -I. -c Hacklib.c -o Hacklib.o
cc Hacklib.o -shared -Wl,--out-implib,libhacklib.dll.a -o libhacklib.dll
[Sat 09/06/2025  4:55:15.25]  
cc -O2 -Wall -Wextra -std=c11 -fPIC -I. -c Hacklib.c -o Hacklib.o
cc Hacklib.o -shared -Wl,--out-implib,libhacklib.dll.a -o libhacklib.dll
[Sat 09/06/2025  5:01:40.59]  
cc -O2 -Wall -Wextra -std=c11 -fPIC -I. -c Hacklib.c -o Hacklib.o
cc Hacklib.o -shared -Wl,--out-implib,libhacklib.dll.a -o libhacklib.dll
[Sat 09/06/2025  5:03:07.96]  
cc -O2 -Wall -Wextra -std=c11 -fPIC -I. -c Hacklib.c -o Hacklib.o
cc Hacklib.o -shared -Wl,--out-implib,libhacklib.dll.a -o libhacklib.dll
[Sat 09/06/2025  5:03:35.23]  
cc -O2 -Wall -Wextra -std=c11 -fPIC -I. -c Hacklib.c -o Hacklib.o
cc Hacklib.o -shared -Wl,--out-implib,libhacklib.dll.a -o libhacklib.dll
[Sat 09/06/2025  5:05:58.72]  
cc -O2 -Wall -Wextra -std=c11 -fPIC -I. -c Hacklib.c -o Hacklib.o
cc Hacklib.o -shared -Wl,--out-implib,libhacklib.dll.a -o libhacklib.dll
[Sat 09/06/2025  5:07:52.66]  
cc -O2 -Wall -Wextra -std=c11 -fPIC -I. -c Hacklib.c -o Hacklib.o
cc Hacklib.o -shared -Wl,--out-implib,libhacklib.dll.a -o libhacklib.dll
[Sat 09/06/2025  5:11:12.02]  
cc -O2 -Wall -Wextra -std=c11 -fPIC -I. -c Hacklib.c -o Hacklib.o
cc Hacklib.o -shared -Wl,--out-implib,libhacklib.dll.a -o libhacklib.dll
[Sat 09/06/2025  5:11:56.14]  
cc -O2 -Wall -Wextra -std=c11 -fPIC -I. -c Hacklib.c -o Hacklib.o
cc Hacklib.o -shared -Wl,--out-implib,libhacklib.dll.a -o libhacklib.dll
[Sat 09/06/2025  5:12:31.18]  
cc -O2 -Wall -Wextra -std=c11 -fPIC -I. -c Hacklib.c -o Hacklib.o
cc Hacklib.o -shared -Wl,--out-implib,libhacklib.dll.a -o libhacklib.dll
[Sat 09/06/2025  5:18:02.47]  
cc -O2 -Wall -Wextra -std=c11 -fPIC -I. -c Hacklib.c -o Hacklib.o
cc Hacklib.o -shared -Wl,--out-implib,libhacklib.dll.a -o libhacklib.dll
[Sat 09/06/2025  5:37:13.96]  
cc -O2 -Wall -Wextra -std=c11 -fPIC -I. -c Hacklib.c -o Hacklib.o
cc Hacklib.o -shared -Wl,--out-implib,libhacklib.dll.a -o libhacklib.dll
[Sat 09/06/2025  5:46:57.41]  
cc -O2 -Wall -Wextra -std=c11 -fPIC -I. -c Hacklib.c -o Hacklib.o
cc Hacklib.o -shared -Wl,--out-implib,libhacklib.dll.a -o libhacklib.dll
[Sat 09/06/2025  5:51:52.02]  
cc -O2 -Wall -Wextra -std=c11 -fPIC -I. -c Hacklib.c -o Hacklib.o
cc Hacklib.o -shared -Wl,--out-implib,libhacklib.dll.a -o libhacklib.dll
[Sat 09/06/2025  6:09:07.16]  
cc -O2 -Wall -Wextra -std=c11 -fPIC -I. -c Hacklib.c -o Hacklib.o
cc Hacklib.o -shared -Wl,--out-implib,libhacklib.dll.a -o libhacklib.dll
[Sat 09/06/2025  6:46:33.40]  
cc -O2 -Wall -Wextra -std=c11 -fPIC -I. -c Hacklib.c -o Hacklib.o
cc Hacklib.o -shared -Wl,--out-implib,libhacklib.dll.a -o libhacklib.dll
[Sat 09/06/2025  6:47:55.37]  
cc -O2 -Wall -Wextra -std=c11 -fPIC -I. -c Hacklib.c -o Hacklib.o
cc Hacklib.o -shared -Wl,--out-implib,libhacklib.dll.a -o libhacklib.dll
[Sat 09/06/2025  6:51:43.70]  
cc -O2 -Wall -Wextra -std=c11 -fPIC -I. -c Hacklib.c -o Hacklib.o
cc Hacklib.o -shared -Wl,--out-implib,libhacklib.dll.a -o libhacklib.dll
